<?xml version="1.0" encoding="UTF-8"?>
<!-- Generated by org.testng.reporters.JUnitReportReporter -->
<testsuite hostname="DESKTOP-AP5M17I" failures="0" tests="1" name="testScript.logtest2" time="29.676" errors="0" timestamp="2024-02-05T12:10:39 IST" skipped="0">
  <testcase classname="testScript.logtest2" name="groupSystemBlank" time="29.676"/>
  <system-out/>
</testsuite> <!-- testScript.logtest2 -->
