<?xml version="1.0" encoding="UTF-8"?>
<!-- Generated by org.testng.reporters.JUnitReportReporter -->
<testsuite hostname="DESKTOP-AP5M17I" failures="0" tests="1" name="testScript.logtest" time="27.921" errors="0" timestamp="2024-02-05T15:58:49 IST" skipped="0">
  <testcase classname="testScript.logtest" name="updatingWithoutModificationGroupSystemAndGroupSystemId" time="27.921"/>
  <system-out/>
</testsuite> <!-- testScript.logtest -->
