<?xml version="1.0" encoding="UTF-8"?>
<!-- Generated by org.testng.reporters.JUnitReportReporter -->
<testsuite hostname="DESKTOP-AP5M17I" failures="0" tests="1" name="testScript.logtest0" time="25.610" errors="0" timestamp="2024-02-05T12:54:46 IST" skipped="0">
  <testcase classname="testScript.logtest0" name="cancelGroupSystemAndGroupSystemIdData" time="25.610"/>
  <system-out/>
</testsuite> <!-- testScript.logtest0 -->
