<?xml version="1.0" encoding="UTF-8"?>
<!-- Generated by org.testng.reporters.JUnitReportReporter -->
<testsuite hostname="DESKTOP-AP5M17I" failures="0" tests="1" name="testScript.logtest1" time="27.763" errors="0" timestamp="2024-02-06T11:51:26 IST" skipped="0">
  <testcase classname="testScript.logtest1" name="updatingGroupSystemAndGroupSystemId" time="27.763"/>
  <system-out/>
</testsuite> <!-- testScript.logtest1 -->
