<?xml version="1.0" encoding="UTF-8"?>
<!-- Generated by org.testng.reporters.JUnitReportReporter -->
<testsuite hostname="DESKTOP-AP5M17I" failures="0" tests="1" name="testScript.logtest3" time="45.519" errors="0" timestamp="2024-02-04T20:29:12 IST" skipped="0">
  <testcase classname="testScript.logtest3" name="groupSystemidBlank" time="45.519"/>
  <system-out/>
</testsuite> <!-- testScript.logtest3 -->
