<?xml version="1.0" encoding="UTF-8"?>
<!-- Generated by org.testng.reporters.JUnitReportReporter -->
<testsuite hostname="DESKTOP-AP5M17I" failures="0" tests="8" name="src.test.HospitalGroupSystemTest.HospitalGroupSystemTest" time="71.659" errors="0" timestamp="2024-02-06T12:42:29 IST" skipped="0">
  <testcase classname="src.test.HospitalGroupSystemTest.HospitalGroupSystemTest" name="groupSystemBlank" time="7.411"/>
  <system-out/>
  <testcase classname="src.test.HospitalGroupSystemTest.HospitalGroupSystemTest" name="loginWithBlankEmailidAndPassword" time="8.493"/>
  <system-out/>
  <testcase classname="src.test.HospitalGroupSystemTest.HospitalGroupSystemTest" name="updatingWithoutModificationGroupSystemAndGroupSystemId" time="6.200"/>
  <system-out/>
  <testcase classname="src.test.HospitalGroupSystemTest.HospitalGroupSystemTest" name="groupSystemidBlank" time="6.422"/>
  <system-out/>
  <testcase classname="src.test.HospitalGroupSystemTest.HospitalGroupSystemTest" name="pagination" time="8.751"/>
  <system-out/>
  <testcase classname="src.test.HospitalGroupSystemTest.HospitalGroupSystemTest" name="cancelGroupSystemAndGroupSystemIdData" time="22.699"/>
  <system-out/>
  <testcase classname="src.test.HospitalGroupSystemTest.HospitalGroupSystemTest" name="updatingGroupSystemAndGroupSystemId" time="6.696"/>
  <system-out/>
  <testcase classname="src.test.HospitalGroupSystemTest.HospitalGroupSystemTest" name="verifyingGroupSystemFields" time="4.987"/>
  <system-out/>
</testsuite> <!-- src.test.HospitalGroupSystemTest.HospitalGroupSystemTest -->
