<?xml version="1.0" encoding="UTF-8"?>
<!-- Generated by org.testng.reporters.JUnitReportReporter -->
<testsuite hostname="DESKTOP-AP5M17I" failures="0" tests="1" name="testScript.logtest4" time="46.132" errors="0" timestamp="2024-02-04T19:19:56 IST" skipped="0">
  <testcase classname="testScript.logtest4" name="verifyingGroupSystemFieldsTest" time="46.132"/>
  <system-out/>
</testsuite> <!-- testScript.logtest4 -->
