<?xml version="1.0" encoding="UTF-8"?>
<!-- Generated by org.testng.reporters.JUnitReportReporter -->
<testsuite hostname="DESKTOP-AP5M17I" failures="0" tests="5" name="testScript.LoginScenario" time="32.192" errors="0" timestamp="2024-02-06T12:01:06 IST" skipped="0">
  <testcase classname="testScript.LoginScenario" name="loginWithBlankEmailidAndPassword" time="5.945"/>
  <system-out/>
  <testcase classname="testScript.LoginScenario" name="loginTest" time="12.939"/>
  <system-out/>
  <testcase classname="testScript.LoginScenario" name="loginWithInvalidPassword" time="5.439"/>
  <system-out/>
  <testcase classname="testScript.LoginScenario" name="loginWithInvalidEmail" time="4.274"/>
  <system-out/>
  <testcase classname="testScript.LoginScenario" name="loginWithInvalidEmailiAndInvalidPassword" time="3.595"/>
  <system-out/>
</testsuite> <!-- testScript.LoginScenario -->
