<?xml version="1.0" encoding="UTF-8"?>
<!-- Generated by org.testng.reporters.JUnitReportReporter -->
<testsuite hostname="DESKTOP-AP5M17I" failures="0" tests="1" name="testScript.logtes" time="35.435" errors="0" timestamp="2024-02-05T17:22:43 IST" skipped="0">
  <testcase classname="testScript.logtes" name="pagination" time="35.435"/>
  <system-out/>
</testsuite> <!-- testScript.logtes -->
