<?xml version="1.0" encoding="UTF-8"?>
<!-- Generated by org.testng.reporters.JUnitReportReporter -->
<testsuite hostname="DESKTOP-AP5M17I" failures="0" tests="1" name="testScript.logtest5" time="32.303" errors="0" timestamp="2024-02-06T11:47:06 IST" skipped="0">
  <testcase classname="testScript.logtest5" name="loginWithBlankEmailidAndPassword" time="32.303"/>
  <system-out/>
</testsuite> <!-- testScript.logtest5 -->
