<?xml version="1.0" encoding="UTF-8"?>
<!-- Generated by org.testng.reporters.JUnitReportReporter -->
<testsuite hostname="DESKTOP-AP5M17I" failures="0" tests="1" name="LoginTestcase" time="23.272" errors="0" timestamp="2024-01-22T16:44:20 IST" skipped="0">
  <testcase classname="LoginTestcase" name="loginTest" time="23.272"/>
  <system-out/>
</testsuite> <!-- LoginTestcase -->
